{"C:\\Users\\Dragonite\\Documents\\batches\\com.revature\\p0_sample\\src\\daos\\customer-dao.ts": {"path":"C:\\Users\\Dragonite\\Documents\\batches\\com.revature\\p0_sample\\src\\daos\\customer-dao.ts","statementMap":{"0":{"start":{"line":1,"column":0},"end":{"line":1,"column":32}},"1":{"start":{"line":2,"column":0},"end":{"line":2,"column":60}},"2":{"start":{"line":5,"column":16},"end":{"line":5,"column":43}},"3":{"start":{"line":7,"column":4},"end":{"line":15,"column":7}},"4":{"start":{"line":9,"column":38},"end":{"line":9,"column":49}},"5":{"start":{"line":13,"column":33},"end":{"line":13,"column":69}},"6":{"start":{"line":13,"column":50},"end":{"line":13,"column":68}},"7":{"start":{"line":14,"column":8},"end":{"line":14,"column":20}},"8":{"start":{"line":4,"column":0},"end":{"line":4,"column":16}},"9":{"start":{"line":20,"column":16},"end":{"line":20,"column":57}},"10":{"start":{"line":22,"column":4},"end":{"line":23,"column":71}},"11":{"start":{"line":23,"column":24},"end":{"line":23,"column":69}},"12":{"start":{"line":23,"column":47},"end":{"line":23,"column":65}},"13":{"start":{"line":18,"column":0},"end":{"line":18,"column":16}},"14":{"start":{"line":27,"column":14},"end":{"line":27,"column":88}},"15":{"start":{"line":29,"column":19},"end":{"line":35,"column":6}},"16":{"start":{"line":36,"column":15},"end":{"line":36,"column":48}},"17":{"start":{"line":37,"column":4},"end":{"line":37,"column":113}},"18":{"start":{"line":39,"column":20},"end":{"line":46,"column":6}},"19":{"start":{"line":47,"column":4},"end":{"line":47,"column":46}},"20":{"start":{"line":48,"column":4},"end":{"line":48,"column":null}},"21":{"start":{"line":50,"column":4},"end":{"line":51,"column":71}},"22":{"start":{"line":51,"column":24},"end":{"line":51,"column":69}},"23":{"start":{"line":51,"column":47},"end":{"line":51,"column":65}},"24":{"start":{"line":26,"column":0},"end":{"line":26,"column":22}},"25":{"start":{"line":56,"column":18},"end":{"line":57,"column":68}},"26":{"start":{"line":59,"column":21},"end":{"line":64,"column":10}},"27":{"start":{"line":66,"column":8},"end":{"line":66,"column":140}},"28":{"start":{"line":68,"column":8},"end":{"line":73,"column":11}},"29":{"start":{"line":75,"column":8},"end":{"line":75,"column":null}},"30":{"start":{"line":77,"column":4},"end":{"line":78,"column":71}},"31":{"start":{"line":78,"column":24},"end":{"line":78,"column":69}},"32":{"start":{"line":78,"column":47},"end":{"line":78,"column":65}},"33":{"start":{"line":55,"column":0},"end":{"line":55,"column":22}}},"fnMap":{"0":{"name":"getCustomer","decl":{"start":{"line":4,"column":16},"end":{"line":4,"column":27}},"loc":{"start":{"line":4,"column":27},"end":{"line":16,"column":1}}},"1":{"name":"(anonymous_8)","decl":{"start":{"line":7,"column":48},"end":{"line":7,"column":54}},"loc":{"start":{"line":7,"column":57},"end":{"line":15,"column":5}}},"2":{"name":"(anonymous_9)","decl":{"start":{"line":13,"column":43},"end":{"line":13,"column":46}},"loc":{"start":{"line":13,"column":50},"end":{"line":13,"column":68}}},"3":{"name":"getCustomerById","decl":{"start":{"line":18,"column":16},"end":{"line":18,"column":31}},"loc":{"start":{"line":18,"column":42},"end":{"line":24,"column":1}}},"4":{"name":"(anonymous_11)","decl":{"start":{"line":23,"column":14},"end":{"line":23,"column":20}},"loc":{"start":{"line":23,"column":24},"end":{"line":23,"column":69}}},"5":{"name":"(anonymous_12)","decl":{"start":{"line":23,"column":40},"end":{"line":23,"column":43}},"loc":{"start":{"line":23,"column":47},"end":{"line":23,"column":65}}},"6":{"name":"addCustomer","decl":{"start":{"line":26,"column":22},"end":{"line":26,"column":33}},"loc":{"start":{"line":26,"column":48},"end":{"line":52,"column":null}}},"7":{"name":"(anonymous_15)","decl":{"start":{"line":51,"column":14},"end":{"line":51,"column":20}},"loc":{"start":{"line":51,"column":24},"end":{"line":51,"column":69}}},"8":{"name":"(anonymous_16)","decl":{"start":{"line":51,"column":40},"end":{"line":51,"column":43}},"loc":{"start":{"line":51,"column":47},"end":{"line":51,"column":65}}},"9":{"name":"patchCustomer","decl":{"start":{"line":55,"column":22},"end":{"line":55,"column":35}},"loc":{"start":{"line":55,"column":50},"end":{"line":79,"column":null}}},"10":{"name":"(anonymous_19)","decl":{"start":{"line":78,"column":14},"end":{"line":78,"column":20}},"loc":{"start":{"line":78,"column":24},"end":{"line":78,"column":69}}},"11":{"name":"(anonymous_20)","decl":{"start":{"line":78,"column":40},"end":{"line":78,"column":43}},"loc":{"start":{"line":78,"column":47},"end":{"line":78,"column":65}}}},"branchMap":{},"s":{"0":1,"1":1,"2":0,"3":0,"4":0,"5":0,"6":0,"7":0,"8":1,"9":0,"10":0,"11":0,"12":0,"13":1,"14":0,"15":0,"16":0,"17":0,"18":0,"19":0,"20":0,"21":0,"22":0,"23":0,"24":1,"25":0,"26":0,"27":0,"28":0,"29":0,"30":0,"31":0,"32":0,"33":1},"f":{"0":0,"1":0,"2":0,"3":0,"4":0,"5":0,"6":0,"7":0,"8":0,"9":0,"10":0,"11":0},"b":{}}
,"C:\\Users\\Dragonite\\Documents\\batches\\com.revature\\p0_sample\\src\\daos\\db.ts": {"path":"C:\\Users\\Dragonite\\Documents\\batches\\com.revature\\p0_sample\\src\\daos\\db.ts","statementMap":{"0":{"start":{"line":14,"column":0},"end":{"line":14,"column":26}},"1":{"start":{"line":16,"column":13},"end":{"line":22,"column":3}}},"fnMap":{},"branchMap":{},"s":{"0":1,"1":1},"f":{},"b":{}}
,"C:\\Users\\Dragonite\\Documents\\batches\\com.revature\\p0_sample\\src\\models\\customer.ts": {"path":"C:\\Users\\Dragonite\\Documents\\batches\\com.revature\\p0_sample\\src\\models\\customer.ts","statementMap":{"0":{"start":{"line":19,"column":8},"end":{"line":19,"column":21}},"1":{"start":{"line":20,"column":8},"end":{"line":20,"column":33}},"2":{"start":{"line":21,"column":8},"end":{"line":21,"column":35}},"3":{"start":{"line":22,"column":8},"end":{"line":22,"column":31}},"4":{"start":{"line":23,"column":8},"end":{"line":23,"column":25}},"5":{"start":{"line":24,"column":8},"end":{"line":24,"column":27}},"6":{"start":{"line":25,"column":8},"end":{"line":25,"column":23}},"7":{"start":{"line":11,"column":25},"end":{"line":12,"column":null}},"8":{"start":{"line":14,"column":8},"end":{"line":14,"column":24}},"9":{"start":{"line":1,"column":0},"end":{"line":1,"column":13}}},"fnMap":{"0":{"name":"(anonymous_0)","decl":{"start":{"line":17,"column":4},"end":{"line":17,"column":16}},"loc":{"start":{"line":18,"column":56},"end":{"line":28,"column":5}}},"1":{"name":"(anonymous_1)","decl":{"start":{"line":10,"column":4},"end":{"line":10,"column":10}},"loc":{"start":{"line":10,"column":33},"end":{"line":15,"column":5}}}},"branchMap":{},"s":{"0":0,"1":0,"2":0,"3":0,"4":0,"5":0,"6":0,"7":0,"8":0,"9":1},"f":{"0":0,"1":0},"b":{}}
,"C:\\Users\\Dragonite\\Documents\\batches\\com.revature\\p0_sample\\src\\routers\\customer-router.ts": {"path":"C:\\Users\\Dragonite\\Documents\\batches\\com.revature\\p0_sample\\src\\routers\\customer-router.ts","statementMap":{"0":{"start":{"line":1,"column":0},"end":{"line":1,"column":30}},"1":{"start":{"line":2,"column":0},"end":{"line":2,"column":65}},"2":{"start":{"line":5,"column":13},"end":{"line":5,"column":47}},"3":{"start":{"line":7,"column":0},"end":{"line":15,"column":3}},"4":{"start":{"line":8,"column":4},"end":{"line":14,"column":7}},"5":{"start":{"line":9,"column":8},"end":{"line":9,"column":28}},"6":{"start":{"line":10,"column":8},"end":{"line":10,"column":15}},"7":{"start":{"line":12,"column":8},"end":{"line":12,"column":25}},"8":{"start":{"line":13,"column":8},"end":{"line":13,"column":33}},"9":{"start":{"line":17,"column":0},"end":{"line":31,"column":3}},"10":{"start":{"line":18,"column":14},"end":{"line":18,"column":33}},"11":{"start":{"line":19,"column":4},"end":{"line":30,"column":null}},"12":{"start":{"line":20,"column":8},"end":{"line":24,"column":null}},"13":{"start":{"line":21,"column":12},"end":{"line":21,"column":37}},"14":{"start":{"line":23,"column":12},"end":{"line":23,"column":32}},"15":{"start":{"line":25,"column":8},"end":{"line":25,"column":15}},"16":{"start":{"line":27,"column":8},"end":{"line":27,"column":25}},"17":{"start":{"line":28,"column":8},"end":{"line":28,"column":33}},"18":{"start":{"line":29,"column":8},"end":{"line":29,"column":15}},"19":{"start":{"line":33,"column":0},"end":{"line":51,"column":3}},"20":{"start":{"line":33,"column":58},"end":{"line":51,"column":2}},"21":{"start":{"line":34,"column":17},"end":{"line":34,"column":29}},"22":{"start":{"line":37,"column":4},"end":{"line":44,"column":null}},"23":{"start":{"line":38,"column":8},"end":{"line":38,"column":null}},"24":{"start":{"line":39,"column":8},"end":{"line":39,"column":62}},"25":{"start":{"line":41,"column":8},"end":{"line":41,"column":null}},"26":{"start":{"line":42,"column":8},"end":{"line":42,"column":33}},"27":{"start":{"line":43,"column":8},"end":{"line":43,"column":15}},"28":{"start":{"line":46,"column":4},"end":{"line":49,"column":null}},"29":{"start":{"line":47,"column":8},"end":{"line":47,"column":29}},"30":{"start":{"line":48,"column":8},"end":{"line":48,"column":35}},"31":{"start":{"line":50,"column":4},"end":{"line":50,"column":11}},"32":{"start":{"line":53,"column":0},"end":{"line":71,"column":3}},"33":{"start":{"line":53,"column":59},"end":{"line":71,"column":2}},"34":{"start":{"line":54,"column":17},"end":{"line":54,"column":29}},"35":{"start":{"line":57,"column":4},"end":{"line":62,"column":null}},"36":{"start":{"line":58,"column":8},"end":{"line":58,"column":66}},"37":{"start":{"line":60,"column":8},"end":{"line":60,"column":33}},"38":{"start":{"line":61,"column":8},"end":{"line":61,"column":15}},"39":{"start":{"line":64,"column":4},"end":{"line":69,"column":null}},"40":{"start":{"line":65,"column":8},"end":{"line":65,"column":33}},"41":{"start":{"line":67,"column":8},"end":{"line":67,"column":29}},"42":{"start":{"line":68,"column":8},"end":{"line":68,"column":37}},"43":{"start":{"line":70,"column":4},"end":{"line":70,"column":11}}},"fnMap":{"0":{"name":"(anonymous_9)","decl":{"start":{"line":7,"column":23},"end":{"line":7,"column":24}},"loc":{"start":{"line":7,"column":51},"end":{"line":15,"column":1}}},"1":{"name":"(anonymous_10)","decl":{"start":{"line":8,"column":39},"end":{"line":8,"column":43}},"loc":{"start":{"line":8,"column":46},"end":{"line":11,"column":5}}},"2":{"name":"(anonymous_11)","decl":{"start":{"line":11,"column":13},"end":{"line":11,"column":16}},"loc":{"start":{"line":11,"column":19},"end":{"line":14,"column":5}}},"3":{"name":"(anonymous_12)","decl":{"start":{"line":17,"column":27},"end":{"line":17,"column":28}},"loc":{"start":{"line":17,"column":55},"end":{"line":31,"column":1}}},"4":{"name":"(anonymous_13)","decl":{"start":{"line":19,"column":45},"end":{"line":19,"column":49}},"loc":{"start":{"line":19,"column":52},"end":{"line":26,"column":5}}},"5":{"name":"(anonymous_14)","decl":{"start":{"line":26,"column":13},"end":{"line":26,"column":16}},"loc":{"start":{"line":26,"column":19},"end":{"line":30,"column":5}}},"6":{"name":"(anonymous_15)","decl":{"start":{"line":33,"column":24},"end":{"line":33,"column":31}},"loc":{"start":{"line":33,"column":58},"end":{"line":51,"column":2}}},"7":{"name":"(anonymous_16)","decl":{"start":{"line":33,"column":58},"end":{"line":33,"column":null}},"loc":{"start":{"line":33,"column":58},"end":{"line":51,"column":1}}},"8":{"name":"(anonymous_17)","decl":{"start":{"line":53,"column":25},"end":{"line":53,"column":32}},"loc":{"start":{"line":53,"column":59},"end":{"line":71,"column":2}}},"9":{"name":"(anonymous_18)","decl":{"start":{"line":53,"column":59},"end":{"line":53,"column":null}},"loc":{"start":{"line":53,"column":59},"end":{"line":71,"column":1}}}},"branchMap":{"0":{"loc":{"start":{"line":20,"column":8},"end":{"line":24,"column":null}},"type":"if","locations":[{"start":{"line":20,"column":8},"end":{"line":24,"column":null}},{"start":{"line":20,"column":8},"end":{"line":24,"column":null}}]},"1":{"loc":{"start":{"line":46,"column":4},"end":{"line":49,"column":null}},"type":"if","locations":[{"start":{"line":46,"column":4},"end":{"line":49,"column":null}},{"start":{"line":46,"column":4},"end":{"line":49,"column":null}}]},"2":{"loc":{"start":{"line":64,"column":4},"end":{"line":69,"column":null}},"type":"if","locations":[{"start":{"line":64,"column":4},"end":{"line":69,"column":null}},{"start":{"line":64,"column":4},"end":{"line":69,"column":null}}]}},"s":{"0":1,"1":1,"2":1,"3":1,"4":2,"5":1,"6":1,"7":1,"8":1,"9":1,"10":3,"11":3,"12":2,"13":1,"14":1,"15":2,"16":1,"17":1,"18":1,"19":1,"20":2,"21":2,"22":2,"23":2,"24":2,"25":1,"26":1,"27":1,"28":1,"29":1,"30":1,"31":1,"32":1,"33":3,"34":3,"35":3,"36":3,"37":1,"38":1,"39":2,"40":1,"41":1,"42":1,"43":2},"f":{"0":2,"1":1,"2":1,"3":3,"4":2,"5":1,"6":2,"7":2,"8":3,"9":3},"b":{"0":[1,1],"1":[1,0],"2":[1,1]}}
,"C:\\Users\\Dragonite\\Documents\\batches\\com.revature\\p0_sample\\src\\services\\customer-services.ts": {"path":"C:\\Users\\Dragonite\\Documents\\batches\\com.revature\\p0_sample\\src\\services\\customer-services.ts","statementMap":{"0":{"start":{"line":1,"column":0},"end":{"line":1,"column":46}},"1":{"start":{"line":2,"column":0},"end":{"line":2,"column":52}},"2":{"start":{"line":5,"column":4},"end":{"line":5,"column":37}},"3":{"start":{"line":4,"column":0},"end":{"line":4,"column":16}},"4":{"start":{"line":9,"column":4},"end":{"line":9,"column":43}},"5":{"start":{"line":8,"column":0},"end":{"line":8,"column":16}},"6":{"start":{"line":13,"column":24},"end":{"line":20,"column":null}},"7":{"start":{"line":23,"column":4},"end":{"line":29,"column":null}},"8":{"start":{"line":26,"column":8},"end":{"line":26,"column":52}},"9":{"start":{"line":28,"column":8},"end":{"line":28,"column":61}},"10":{"start":{"line":28,"column":48},"end":{"line":28,"column":59}},"11":{"start":{"line":12,"column":0},"end":{"line":12,"column":16}},"12":{"start":{"line":34,"column":13},"end":{"line":41,"column":null}},"13":{"start":{"line":44,"column":0},"end":{"line":46,"column":null}},"14":{"start":{"line":45,"column":4},"end":{"line":45,"column":28}},"15":{"start":{"line":48,"column":0},"end":{"line":48,"column":39}},"16":{"start":{"line":32,"column":0},"end":{"line":32,"column":16}}},"fnMap":{"0":{"name":"getCustomer","decl":{"start":{"line":4,"column":16},"end":{"line":4,"column":27}},"loc":{"start":{"line":4,"column":27},"end":{"line":6,"column":1}}},"1":{"name":"getCustomerById","decl":{"start":{"line":8,"column":16},"end":{"line":8,"column":31}},"loc":{"start":{"line":8,"column":42},"end":{"line":10,"column":1}}},"2":{"name":"addCustomer","decl":{"start":{"line":12,"column":16},"end":{"line":12,"column":27}},"loc":{"start":{"line":12,"column":37},"end":{"line":30,"column":1}}},"3":{"name":"(anonymous_4)","decl":{"start":{"line":28,"column":27},"end":{"line":28,"column":28}},"loc":{"start":{"line":28,"column":48},"end":{"line":28,"column":59}}},"4":{"name":"patchCustomer","decl":{"start":{"line":32,"column":16},"end":{"line":32,"column":29}},"loc":{"start":{"line":32,"column":40},"end":{"line":49,"column":1}}}},"branchMap":{"0":{"loc":{"start":{"line":23,"column":4},"end":{"line":29,"column":null}},"type":"if","locations":[{"start":{"line":23,"column":4},"end":{"line":29,"column":null}},{"start":{"line":23,"column":4},"end":{"line":29,"column":null}}]},"1":{"loc":{"start":{"line":23,"column":9},"end":{"line":23,"column":23}},"type":"binary-expr","locations":[{"start":{"line":23,"column":9},"end":{"line":23,"column":23}},{"start":{"line":23,"column":27},"end":{"line":23,"column":40}},{"start":{"line":23,"column":44},"end":{"line":23,"column":56}},{"start":{"line":24,"column":9},"end":{"line":24,"column":18}},{"start":{"line":24,"column":22},"end":{"line":24,"column":32}},{"start":{"line":24,"column":36},"end":{"line":24,"column":44}}]},"2":{"loc":{"start":{"line":44,"column":0},"end":{"line":46,"column":null}},"type":"if","locations":[{"start":{"line":44,"column":0},"end":{"line":46,"column":null}},{"start":{"line":44,"column":0},"end":{"line":46,"column":null}}]}},"s":{"0":1,"1":1,"2":0,"3":1,"4":0,"5":1,"6":0,"7":0,"8":0,"9":0,"10":0,"11":1,"12":0,"13":0,"14":0,"15":0,"16":1},"f":{"0":0,"1":0,"2":0,"3":0,"4":0},"b":{"0":[0,0],"1":[0,0,0,0,0,0],"2":[0,0]}}
}
