{"C:\\Users\\Dragonite\\Documents\\batches\\com.revature\\p0_sample\\src\\daos\\db.ts": {"path":"C:\\Users\\Dragonite\\Documents\\batches\\com.revature\\p0_sample\\src\\daos\\db.ts","statementMap":{"0":{"start":{"line":14,"column":0},"end":{"line":14,"column":26}},"1":{"start":{"line":16,"column":13},"end":{"line":22,"column":3}}},"fnMap":{},"branchMap":{},"s":{"0":6,"1":6},"f":{},"b":{}}
,"C:\\Users\\Dragonite\\Documents\\batches\\com.revature\\p0_sample\\src\\models\\card-owner.ts": {"path":"C:\\Users\\Dragonite\\Documents\\batches\\com.revature\\p0_sample\\src\\models\\card-owner.ts","statementMap":{"0":{"start":{"line":20,"column":8},"end":{"line":20,"column":29}},"1":{"start":{"line":21,"column":8},"end":{"line":21,"column":35}},"2":{"start":{"line":22,"column":8},"end":{"line":22,"column":33}},"3":{"start":{"line":23,"column":8},"end":{"line":23,"column":33}},"4":{"start":{"line":24,"column":8},"end":{"line":24,"column":29}},"5":{"start":{"line":25,"column":8},"end":{"line":25,"column":37}},"6":{"start":{"line":26,"column":8},"end":{"line":26,"column":41}},"7":{"start":{"line":27,"column":8},"end":{"line":27,"column":29}},"8":{"start":{"line":12,"column":26},"end":{"line":13,"column":null}},"9":{"start":{"line":15,"column":8},"end":{"line":15,"column":25}},"10":{"start":{"line":1,"column":0},"end":{"line":1,"column":13}}},"fnMap":{"0":{"name":"(anonymous_0)","decl":{"start":{"line":18,"column":4},"end":{"line":18,"column":16}},"loc":{"start":{"line":19,"column":86},"end":{"line":30,"column":5}}},"1":{"name":"(anonymous_1)","decl":{"start":{"line":11,"column":4},"end":{"line":11,"column":10}},"loc":{"start":{"line":11,"column":33},"end":{"line":16,"column":5}}}},"branchMap":{},"s":{"0":0,"1":0,"2":0,"3":0,"4":0,"5":0,"6":0,"7":0,"8":0,"9":0,"10":2},"f":{"0":0,"1":0},"b":{}}
,"C:\\Users\\Dragonite\\Documents\\batches\\com.revature\\p0_sample\\src\\models\\cards.ts": {"path":"C:\\Users\\Dragonite\\Documents\\batches\\com.revature\\p0_sample\\src\\models\\cards.ts","statementMap":{"0":{"start":{"line":18,"column":8},"end":{"line":18,"column":21}},"1":{"start":{"line":19,"column":8},"end":{"line":19,"column":29}},"2":{"start":{"line":20,"column":8},"end":{"line":20,"column":33}},"3":{"start":{"line":21,"column":8},"end":{"line":21,"column":36}},"4":{"start":{"line":22,"column":8},"end":{"line":22,"column":41}},"5":{"start":{"line":23,"column":8},"end":{"line":23,"column":37}},"6":{"start":{"line":10,"column":21},"end":{"line":11,"column":null}},"7":{"start":{"line":13,"column":8},"end":{"line":13,"column":20}},"8":{"start":{"line":1,"column":0},"end":{"line":1,"column":13}}},"fnMap":{"0":{"name":"(anonymous_0)","decl":{"start":{"line":16,"column":4},"end":{"line":16,"column":16}},"loc":{"start":{"line":17,"column":73},"end":{"line":24,"column":5}}},"1":{"name":"(anonymous_1)","decl":{"start":{"line":9,"column":4},"end":{"line":9,"column":10}},"loc":{"start":{"line":9,"column":29},"end":{"line":14,"column":5}}}},"branchMap":{},"s":{"0":3,"1":3,"2":3,"3":3,"4":3,"5":3,"6":0,"7":0,"8":3},"f":{"0":3,"1":0},"b":{}}
,"C:\\Users\\Dragonite\\Documents\\batches\\com.revature\\p0_sample\\src\\models\\customer.ts": {"path":"C:\\Users\\Dragonite\\Documents\\batches\\com.revature\\p0_sample\\src\\models\\customer.ts","statementMap":{"0":{"start":{"line":19,"column":8},"end":{"line":19,"column":21}},"1":{"start":{"line":20,"column":8},"end":{"line":20,"column":33}},"2":{"start":{"line":21,"column":8},"end":{"line":21,"column":35}},"3":{"start":{"line":22,"column":8},"end":{"line":22,"column":31}},"4":{"start":{"line":23,"column":8},"end":{"line":23,"column":25}},"5":{"start":{"line":24,"column":8},"end":{"line":24,"column":27}},"6":{"start":{"line":25,"column":8},"end":{"line":25,"column":23}},"7":{"start":{"line":11,"column":25},"end":{"line":12,"column":null}},"8":{"start":{"line":14,"column":8},"end":{"line":14,"column":24}},"9":{"start":{"line":1,"column":0},"end":{"line":1,"column":13}}},"fnMap":{"0":{"name":"(anonymous_0)","decl":{"start":{"line":17,"column":4},"end":{"line":17,"column":16}},"loc":{"start":{"line":18,"column":56},"end":{"line":28,"column":5}}},"1":{"name":"(anonymous_1)","decl":{"start":{"line":10,"column":4},"end":{"line":10,"column":10}},"loc":{"start":{"line":10,"column":33},"end":{"line":15,"column":5}}}},"branchMap":{},"s":{"0":3,"1":3,"2":3,"3":3,"4":3,"5":3,"6":3,"7":0,"8":0,"9":3},"f":{"0":3,"1":0},"b":{}}
,"C:\\Users\\Dragonite\\Documents\\batches\\com.revature\\p0_sample\\src\\models\\orders.ts": {"path":"C:\\Users\\Dragonite\\Documents\\batches\\com.revature\\p0_sample\\src\\models\\orders.ts","statementMap":{"0":{"start":{"line":26,"column":8},"end":{"line":26,"column":37}},"1":{"start":{"line":27,"column":8},"end":{"line":27,"column":33}},"2":{"start":{"line":28,"column":8},"end":{"line":28,"column":35}},"3":{"start":{"line":29,"column":8},"end":{"line":29,"column":38}},"4":{"start":{"line":30,"column":8},"end":{"line":30,"column":37}},"5":{"start":{"line":31,"column":8},"end":{"line":31,"column":35}},"6":{"start":{"line":32,"column":8},"end":{"line":32,"column":23}},"7":{"start":{"line":33,"column":8},"end":{"line":33,"column":33}},"8":{"start":{"line":34,"column":8},"end":{"line":34,"column":31}},"9":{"start":{"line":35,"column":8},"end":{"line":35,"column":41}},"10":{"start":{"line":36,"column":8},"end":{"line":36,"column":37}},"11":{"start":{"line":37,"column":8},"end":{"line":37,"column":27}},"12":{"start":{"line":38,"column":8},"end":{"line":38,"column":33}},"13":{"start":{"line":17,"column":22},"end":{"line":19,"column":null}},"14":{"start":{"line":21,"column":8},"end":{"line":21,"column":21}},"15":{"start":{"line":1,"column":0},"end":{"line":1,"column":13}},"16":{"start":{"line":81,"column":8},"end":{"line":81,"column":38}},"17":{"start":{"line":82,"column":8},"end":{"line":82,"column":37}},"18":{"start":{"line":83,"column":8},"end":{"line":83,"column":35}},"19":{"start":{"line":84,"column":8},"end":{"line":84,"column":23}},"20":{"start":{"line":85,"column":8},"end":{"line":85,"column":33}},"21":{"start":{"line":86,"column":8},"end":{"line":86,"column":31}},"22":{"start":{"line":87,"column":8},"end":{"line":87,"column":41}},"23":{"start":{"line":88,"column":8},"end":{"line":88,"column":37}},"24":{"start":{"line":89,"column":8},"end":{"line":89,"column":27}},"25":{"start":{"line":73,"column":23},"end":{"line":75,"column":58}},"26":{"start":{"line":76,"column":8},"end":{"line":76,"column":22}},"27":{"start":{"line":60,"column":0},"end":{"line":60,"column":13}}},"fnMap":{"0":{"name":"(anonymous_0)","decl":{"start":{"line":24,"column":4},"end":{"line":24,"column":16}},"loc":{"start":{"line":25,"column":155},"end":{"line":39,"column":5}}},"1":{"name":"(anonymous_1)","decl":{"start":{"line":16,"column":4},"end":{"line":16,"column":10}},"loc":{"start":{"line":16,"column":31},"end":{"line":22,"column":5}}},"2":{"name":"(anonymous_2)","decl":{"start":{"line":79,"column":4},"end":{"line":79,"column":16}},"loc":{"start":{"line":80,"column":106},"end":{"line":90,"column":5}}},"3":{"name":"(anonymous_3)","decl":{"start":{"line":72,"column":4},"end":{"line":72,"column":10}},"loc":{"start":{"line":72,"column":32},"end":{"line":77,"column":5}}}},"branchMap":{},"s":{"0":0,"1":0,"2":0,"3":0,"4":0,"5":0,"6":0,"7":0,"8":0,"9":0,"10":0,"11":0,"12":0,"13":0,"14":0,"15":3,"16":3,"17":3,"18":3,"19":3,"20":3,"21":3,"22":3,"23":3,"24":3,"25":0,"26":0,"27":3},"f":{"0":0,"1":0,"2":3,"3":0},"b":{}}
,"C:\\Users\\Dragonite\\Documents\\batches\\com.revature\\p0_sample\\src\\routers\\cards-router.ts": {"path":"C:\\Users\\Dragonite\\Documents\\batches\\com.revature\\p0_sample\\src\\routers\\cards-router.ts","statementMap":{"0":{"start":{"line":5,"column":0},"end":{"line":5,"column":30}},"1":{"start":{"line":6,"column":0},"end":{"line":6,"column":58}},"2":{"start":{"line":9,"column":13},"end":{"line":9,"column":44}},"3":{"start":{"line":12,"column":0},"end":{"line":20,"column":3}},"4":{"start":{"line":13,"column":4},"end":{"line":19,"column":7}},"5":{"start":{"line":14,"column":8},"end":{"line":14,"column":28}},"6":{"start":{"line":15,"column":8},"end":{"line":15,"column":15}},"7":{"start":{"line":17,"column":8},"end":{"line":17,"column":25}},"8":{"start":{"line":18,"column":8},"end":{"line":18,"column":33}},"9":{"start":{"line":23,"column":0},"end":{"line":31,"column":3}},"10":{"start":{"line":24,"column":4},"end":{"line":30,"column":7}},"11":{"start":{"line":25,"column":8},"end":{"line":25,"column":28}},"12":{"start":{"line":26,"column":8},"end":{"line":26,"column":15}},"13":{"start":{"line":28,"column":8},"end":{"line":28,"column":25}},"14":{"start":{"line":29,"column":8},"end":{"line":29,"column":33}},"15":{"start":{"line":34,"column":0},"end":{"line":48,"column":3}},"16":{"start":{"line":35,"column":14},"end":{"line":35,"column":33}},"17":{"start":{"line":36,"column":4},"end":{"line":47,"column":null}},"18":{"start":{"line":37,"column":8},"end":{"line":41,"column":null}},"19":{"start":{"line":38,"column":12},"end":{"line":38,"column":37}},"20":{"start":{"line":40,"column":12},"end":{"line":40,"column":32}},"21":{"start":{"line":42,"column":8},"end":{"line":42,"column":15}},"22":{"start":{"line":44,"column":8},"end":{"line":44,"column":25}},"23":{"start":{"line":45,"column":8},"end":{"line":45,"column":33}},"24":{"start":{"line":46,"column":8},"end":{"line":46,"column":15}},"25":{"start":{"line":51,"column":0},"end":{"line":63,"column":3}},"26":{"start":{"line":52,"column":17},"end":{"line":52,"column":29}},"27":{"start":{"line":53,"column":4},"end":{"line":62,"column":11}},"28":{"start":{"line":55,"column":12},"end":{"line":55,"column":33}},"29":{"start":{"line":56,"column":12},"end":{"line":56,"column":36}},"30":{"start":{"line":57,"column":12},"end":{"line":57,"column":19}},"31":{"start":{"line":59,"column":12},"end":{"line":59,"column":null}},"32":{"start":{"line":60,"column":12},"end":{"line":60,"column":37}},"33":{"start":{"line":61,"column":12},"end":{"line":61,"column":19}},"34":{"start":{"line":66,"column":0},"end":{"line":82,"column":3}},"35":{"start":{"line":67,"column":17},"end":{"line":67,"column":29}},"36":{"start":{"line":68,"column":4},"end":{"line":81,"column":null}},"37":{"start":{"line":70,"column":12},"end":{"line":75,"column":null}},"38":{"start":{"line":71,"column":16},"end":{"line":71,"column":37}},"39":{"start":{"line":72,"column":16},"end":{"line":72,"column":43}},"40":{"start":{"line":74,"column":16},"end":{"line":74,"column":41}},"41":{"start":{"line":77,"column":12},"end":{"line":77,"column":null}},"42":{"start":{"line":78,"column":12},"end":{"line":78,"column":37}},"43":{"start":{"line":80,"column":12},"end":{"line":80,"column":19}}},"fnMap":{"0":{"name":"(anonymous_2)","decl":{"start":{"line":12,"column":26},"end":{"line":12,"column":27}},"loc":{"start":{"line":12,"column":54},"end":{"line":20,"column":1}}},"1":{"name":"(anonymous_3)","decl":{"start":{"line":13,"column":37},"end":{"line":13,"column":41}},"loc":{"start":{"line":13,"column":44},"end":{"line":16,"column":5}}},"2":{"name":"(anonymous_4)","decl":{"start":{"line":16,"column":13},"end":{"line":16,"column":16}},"loc":{"start":{"line":16,"column":19},"end":{"line":19,"column":5}}},"3":{"name":"(anonymous_5)","decl":{"start":{"line":23,"column":20},"end":{"line":23,"column":21}},"loc":{"start":{"line":23,"column":48},"end":{"line":31,"column":1}}},"4":{"name":"(anonymous_6)","decl":{"start":{"line":24,"column":33},"end":{"line":24,"column":37}},"loc":{"start":{"line":24,"column":40},"end":{"line":27,"column":5}}},"5":{"name":"(anonymous_7)","decl":{"start":{"line":27,"column":13},"end":{"line":27,"column":16}},"loc":{"start":{"line":27,"column":19},"end":{"line":30,"column":5}}},"6":{"name":"(anonymous_8)","decl":{"start":{"line":34,"column":24},"end":{"line":34,"column":25}},"loc":{"start":{"line":34,"column":52},"end":{"line":48,"column":1}}},"7":{"name":"(anonymous_9)","decl":{"start":{"line":36,"column":39},"end":{"line":36,"column":43}},"loc":{"start":{"line":36,"column":46},"end":{"line":43,"column":5}}},"8":{"name":"(anonymous_10)","decl":{"start":{"line":43,"column":13},"end":{"line":43,"column":16}},"loc":{"start":{"line":43,"column":19},"end":{"line":47,"column":5}}},"9":{"name":"(anonymous_11)","decl":{"start":{"line":51,"column":21},"end":{"line":51,"column":22}},"loc":{"start":{"line":51,"column":49},"end":{"line":63,"column":1}}},"10":{"name":"(anonymous_12)","decl":{"start":{"line":54,"column":14},"end":{"line":54,"column":22}},"loc":{"start":{"line":54,"column":25},"end":{"line":58,"column":9}}},"11":{"name":"(anonymous_13)","decl":{"start":{"line":58,"column":17},"end":{"line":58,"column":20}},"loc":{"start":{"line":58,"column":23},"end":{"line":62,"column":9}}},"12":{"name":"(anonymous_14)","decl":{"start":{"line":66,"column":22},"end":{"line":66,"column":23}},"loc":{"start":{"line":66,"column":50},"end":{"line":82,"column":1}}},"13":{"name":"(anonymous_15)","decl":{"start":{"line":69,"column":14},"end":{"line":69,"column":25}},"loc":{"start":{"line":69,"column":28},"end":{"line":76,"column":9}}},"14":{"name":"(anonymous_16)","decl":{"start":{"line":76,"column":17},"end":{"line":76,"column":20}},"loc":{"start":{"line":76,"column":23},"end":{"line":79,"column":9}}},"15":{"name":"(anonymous_17)","decl":{"start":{"line":79,"column":19},"end":{"line":79,"column":22}},"loc":{"start":{"line":79,"column":24},"end":{"line":81,"column":9}}}},"branchMap":{"0":{"loc":{"start":{"line":37,"column":8},"end":{"line":41,"column":null}},"type":"if","locations":[{"start":{"line":37,"column":8},"end":{"line":41,"column":null}},{"start":{"line":37,"column":8},"end":{"line":41,"column":null}}]},"1":{"loc":{"start":{"line":70,"column":12},"end":{"line":75,"column":null}},"type":"if","locations":[{"start":{"line":70,"column":12},"end":{"line":75,"column":null}},{"start":{"line":70,"column":12},"end":{"line":75,"column":null}}]}},"s":{"0":1,"1":1,"2":1,"3":1,"4":2,"5":1,"6":1,"7":1,"8":1,"9":1,"10":2,"11":1,"12":1,"13":1,"14":1,"15":1,"16":4,"17":4,"18":2,"19":1,"20":1,"21":2,"22":1,"23":1,"24":1,"25":1,"26":2,"27":2,"28":1,"29":1,"30":1,"31":1,"32":1,"33":1,"34":1,"35":3,"36":3,"37":2,"38":1,"39":1,"40":1,"41":1,"42":1,"43":3},"f":{"0":2,"1":1,"2":1,"3":2,"4":1,"5":1,"6":4,"7":2,"8":1,"9":2,"10":1,"11":1,"12":3,"13":2,"14":1,"15":3},"b":{"0":[1,1],"1":[1,1]}}
,"C:\\Users\\Dragonite\\Documents\\batches\\com.revature\\p0_sample\\src\\routers\\customer-router.ts": {"path":"C:\\Users\\Dragonite\\Documents\\batches\\com.revature\\p0_sample\\src\\routers\\customer-router.ts","statementMap":{"0":{"start":{"line":5,"column":0},"end":{"line":5,"column":30}},"1":{"start":{"line":6,"column":0},"end":{"line":6,"column":65}},"2":{"start":{"line":9,"column":13},"end":{"line":9,"column":47}},"3":{"start":{"line":12,"column":0},"end":{"line":20,"column":3}},"4":{"start":{"line":13,"column":4},"end":{"line":19,"column":7}},"5":{"start":{"line":14,"column":8},"end":{"line":14,"column":28}},"6":{"start":{"line":15,"column":8},"end":{"line":15,"column":15}},"7":{"start":{"line":17,"column":8},"end":{"line":17,"column":25}},"8":{"start":{"line":18,"column":8},"end":{"line":18,"column":33}},"9":{"start":{"line":23,"column":0},"end":{"line":37,"column":3}},"10":{"start":{"line":24,"column":14},"end":{"line":24,"column":33}},"11":{"start":{"line":25,"column":4},"end":{"line":36,"column":null}},"12":{"start":{"line":26,"column":8},"end":{"line":30,"column":null}},"13":{"start":{"line":27,"column":12},"end":{"line":27,"column":37}},"14":{"start":{"line":29,"column":12},"end":{"line":29,"column":32}},"15":{"start":{"line":31,"column":8},"end":{"line":31,"column":15}},"16":{"start":{"line":33,"column":8},"end":{"line":33,"column":25}},"17":{"start":{"line":34,"column":8},"end":{"line":34,"column":33}},"18":{"start":{"line":35,"column":8},"end":{"line":35,"column":15}},"19":{"start":{"line":40,"column":0},"end":{"line":58,"column":3}},"20":{"start":{"line":40,"column":58},"end":{"line":58,"column":2}},"21":{"start":{"line":41,"column":17},"end":{"line":41,"column":29}},"22":{"start":{"line":44,"column":4},"end":{"line":51,"column":null}},"23":{"start":{"line":45,"column":8},"end":{"line":45,"column":null}},"24":{"start":{"line":46,"column":8},"end":{"line":46,"column":62}},"25":{"start":{"line":48,"column":8},"end":{"line":48,"column":null}},"26":{"start":{"line":49,"column":8},"end":{"line":49,"column":33}},"27":{"start":{"line":50,"column":8},"end":{"line":50,"column":15}},"28":{"start":{"line":53,"column":4},"end":{"line":56,"column":null}},"29":{"start":{"line":54,"column":8},"end":{"line":54,"column":29}},"30":{"start":{"line":55,"column":8},"end":{"line":55,"column":35}},"31":{"start":{"line":57,"column":4},"end":{"line":57,"column":11}},"32":{"start":{"line":61,"column":0},"end":{"line":79,"column":3}},"33":{"start":{"line":61,"column":59},"end":{"line":79,"column":2}},"34":{"start":{"line":62,"column":17},"end":{"line":62,"column":29}},"35":{"start":{"line":65,"column":4},"end":{"line":70,"column":null}},"36":{"start":{"line":66,"column":8},"end":{"line":66,"column":66}},"37":{"start":{"line":68,"column":8},"end":{"line":68,"column":33}},"38":{"start":{"line":69,"column":8},"end":{"line":69,"column":15}},"39":{"start":{"line":72,"column":4},"end":{"line":77,"column":null}},"40":{"start":{"line":73,"column":8},"end":{"line":73,"column":33}},"41":{"start":{"line":75,"column":8},"end":{"line":75,"column":29}},"42":{"start":{"line":76,"column":8},"end":{"line":76,"column":37}},"43":{"start":{"line":78,"column":4},"end":{"line":78,"column":11}}},"fnMap":{"0":{"name":"(anonymous_9)","decl":{"start":{"line":12,"column":23},"end":{"line":12,"column":24}},"loc":{"start":{"line":12,"column":51},"end":{"line":20,"column":1}}},"1":{"name":"(anonymous_10)","decl":{"start":{"line":13,"column":39},"end":{"line":13,"column":43}},"loc":{"start":{"line":13,"column":46},"end":{"line":16,"column":5}}},"2":{"name":"(anonymous_11)","decl":{"start":{"line":16,"column":13},"end":{"line":16,"column":16}},"loc":{"start":{"line":16,"column":19},"end":{"line":19,"column":5}}},"3":{"name":"(anonymous_12)","decl":{"start":{"line":23,"column":27},"end":{"line":23,"column":28}},"loc":{"start":{"line":23,"column":55},"end":{"line":37,"column":1}}},"4":{"name":"(anonymous_13)","decl":{"start":{"line":25,"column":45},"end":{"line":25,"column":49}},"loc":{"start":{"line":25,"column":52},"end":{"line":32,"column":5}}},"5":{"name":"(anonymous_14)","decl":{"start":{"line":32,"column":13},"end":{"line":32,"column":16}},"loc":{"start":{"line":32,"column":19},"end":{"line":36,"column":5}}},"6":{"name":"(anonymous_15)","decl":{"start":{"line":40,"column":24},"end":{"line":40,"column":31}},"loc":{"start":{"line":40,"column":58},"end":{"line":58,"column":2}}},"7":{"name":"(anonymous_16)","decl":{"start":{"line":40,"column":58},"end":{"line":40,"column":null}},"loc":{"start":{"line":40,"column":58},"end":{"line":58,"column":1}}},"8":{"name":"(anonymous_17)","decl":{"start":{"line":61,"column":25},"end":{"line":61,"column":32}},"loc":{"start":{"line":61,"column":59},"end":{"line":79,"column":2}}},"9":{"name":"(anonymous_18)","decl":{"start":{"line":61,"column":59},"end":{"line":61,"column":null}},"loc":{"start":{"line":61,"column":59},"end":{"line":79,"column":1}}}},"branchMap":{"0":{"loc":{"start":{"line":26,"column":8},"end":{"line":30,"column":null}},"type":"if","locations":[{"start":{"line":26,"column":8},"end":{"line":30,"column":null}},{"start":{"line":26,"column":8},"end":{"line":30,"column":null}}]},"1":{"loc":{"start":{"line":53,"column":4},"end":{"line":56,"column":null}},"type":"if","locations":[{"start":{"line":53,"column":4},"end":{"line":56,"column":null}},{"start":{"line":53,"column":4},"end":{"line":56,"column":null}}]},"2":{"loc":{"start":{"line":72,"column":4},"end":{"line":77,"column":null}},"type":"if","locations":[{"start":{"line":72,"column":4},"end":{"line":77,"column":null}},{"start":{"line":72,"column":4},"end":{"line":77,"column":null}}]}},"s":{"0":1,"1":1,"2":1,"3":1,"4":2,"5":1,"6":1,"7":1,"8":1,"9":1,"10":3,"11":3,"12":2,"13":1,"14":1,"15":2,"16":1,"17":1,"18":1,"19":1,"20":2,"21":2,"22":2,"23":2,"24":2,"25":1,"26":1,"27":1,"28":1,"29":1,"30":1,"31":1,"32":1,"33":3,"34":3,"35":3,"36":3,"37":1,"38":1,"39":2,"40":1,"41":1,"42":1,"43":2},"f":{"0":2,"1":1,"2":1,"3":3,"4":2,"5":1,"6":2,"7":2,"8":3,"9":3},"b":{"0":[1,1],"1":[1,0],"2":[1,1]}}
,"C:\\Users\\Dragonite\\Documents\\batches\\com.revature\\p0_sample\\src\\routers\\orders-router.ts": {"path":"C:\\Users\\Dragonite\\Documents\\batches\\com.revature\\p0_sample\\src\\routers\\orders-router.ts","statementMap":{"0":{"start":{"line":6,"column":1},"end":{"line":6,"column":31}},"1":{"start":{"line":7,"column":0},"end":{"line":7,"column":60}},"2":{"start":{"line":10,"column":13},"end":{"line":10,"column":45}},"3":{"start":{"line":13,"column":0},"end":{"line":22,"column":3}},"4":{"start":{"line":14,"column":4},"end":{"line":21,"column":7}},"5":{"start":{"line":15,"column":8},"end":{"line":15,"column":29}},"6":{"start":{"line":16,"column":8},"end":{"line":16,"column":15}},"7":{"start":{"line":18,"column":8},"end":{"line":18,"column":25}},"8":{"start":{"line":19,"column":8},"end":{"line":19,"column":33}},"9":{"start":{"line":20,"column":8},"end":{"line":20,"column":15}},"10":{"start":{"line":25,"column":0},"end":{"line":39,"column":3}},"11":{"start":{"line":26,"column":14},"end":{"line":26,"column":33}},"12":{"start":{"line":27,"column":4},"end":{"line":38,"column":null}},"13":{"start":{"line":28,"column":8},"end":{"line":32,"column":null}},"14":{"start":{"line":29,"column":12},"end":{"line":29,"column":37}},"15":{"start":{"line":31,"column":12},"end":{"line":31,"column":33}},"16":{"start":{"line":33,"column":8},"end":{"line":33,"column":15}},"17":{"start":{"line":35,"column":8},"end":{"line":35,"column":25}},"18":{"start":{"line":36,"column":8},"end":{"line":36,"column":33}},"19":{"start":{"line":37,"column":8},"end":{"line":37,"column":15}},"20":{"start":{"line":42,"column":0},"end":{"line":50,"column":3}},"21":{"start":{"line":43,"column":4},"end":{"line":49,"column":7}},"22":{"start":{"line":44,"column":8},"end":{"line":44,"column":29}},"23":{"start":{"line":45,"column":8},"end":{"line":45,"column":15}},"24":{"start":{"line":47,"column":8},"end":{"line":47,"column":25}},"25":{"start":{"line":48,"column":8},"end":{"line":48,"column":33}},"26":{"start":{"line":53,"column":0},"end":{"line":70,"column":3}},"27":{"start":{"line":53,"column":56},"end":{"line":70,"column":2}},"28":{"start":{"line":54,"column":19},"end":{"line":54,"column":31}},"29":{"start":{"line":57,"column":4},"end":{"line":63,"column":null}},"30":{"start":{"line":58,"column":8},"end":{"line":58,"column":59}},"31":{"start":{"line":60,"column":8},"end":{"line":60,"column":null}},"32":{"start":{"line":61,"column":8},"end":{"line":61,"column":33}},"33":{"start":{"line":62,"column":8},"end":{"line":62,"column":15}},"34":{"start":{"line":65,"column":4},"end":{"line":68,"column":null}},"35":{"start":{"line":66,"column":8},"end":{"line":66,"column":29}},"36":{"start":{"line":67,"column":8},"end":{"line":67,"column":34}},"37":{"start":{"line":69,"column":4},"end":{"line":69,"column":11}},"38":{"start":{"line":73,"column":0},"end":{"line":89,"column":3}},"39":{"start":{"line":74,"column":19},"end":{"line":74,"column":31}},"40":{"start":{"line":76,"column":4},"end":{"line":88,"column":null}},"41":{"start":{"line":78,"column":12},"end":{"line":83,"column":null}},"42":{"start":{"line":79,"column":16},"end":{"line":79,"column":37}},"43":{"start":{"line":80,"column":16},"end":{"line":80,"column":45}},"44":{"start":{"line":82,"column":16},"end":{"line":82,"column":41}},"45":{"start":{"line":85,"column":12},"end":{"line":85,"column":37}},"46":{"start":{"line":87,"column":12},"end":{"line":87,"column":19}}},"fnMap":{"0":{"name":"(anonymous_9)","decl":{"start":{"line":13,"column":31},"end":{"line":13,"column":32}},"loc":{"start":{"line":13,"column":59},"end":{"line":22,"column":1}}},"1":{"name":"(anonymous_10)","decl":{"start":{"line":14,"column":38},"end":{"line":14,"column":43}},"loc":{"start":{"line":14,"column":46},"end":{"line":17,"column":5}}},"2":{"name":"(anonymous_11)","decl":{"start":{"line":17,"column":13},"end":{"line":17,"column":16}},"loc":{"start":{"line":17,"column":19},"end":{"line":21,"column":5}}},"3":{"name":"(anonymous_12)","decl":{"start":{"line":25,"column":25},"end":{"line":25,"column":26}},"loc":{"start":{"line":25,"column":53},"end":{"line":39,"column":1}}},"4":{"name":"(anonymous_13)","decl":{"start":{"line":27,"column":40},"end":{"line":27,"column":45}},"loc":{"start":{"line":27,"column":48},"end":{"line":34,"column":5}}},"5":{"name":"(anonymous_14)","decl":{"start":{"line":34,"column":13},"end":{"line":34,"column":16}},"loc":{"start":{"line":34,"column":19},"end":{"line":38,"column":5}}},"6":{"name":"(anonymous_15)","decl":{"start":{"line":42,"column":21},"end":{"line":42,"column":22}},"loc":{"start":{"line":42,"column":49},"end":{"line":50,"column":1}}},"7":{"name":"(anonymous_16)","decl":{"start":{"line":43,"column":34},"end":{"line":43,"column":39}},"loc":{"start":{"line":43,"column":42},"end":{"line":46,"column":5}}},"8":{"name":"(anonymous_17)","decl":{"start":{"line":46,"column":13},"end":{"line":46,"column":16}},"loc":{"start":{"line":46,"column":19},"end":{"line":49,"column":5}}},"9":{"name":"(anonymous_18)","decl":{"start":{"line":53,"column":22},"end":{"line":53,"column":29}},"loc":{"start":{"line":53,"column":56},"end":{"line":70,"column":2}}},"10":{"name":"(anonymous_19)","decl":{"start":{"line":53,"column":56},"end":{"line":53,"column":null}},"loc":{"start":{"line":53,"column":56},"end":{"line":70,"column":1}}},"11":{"name":"(anonymous_20)","decl":{"start":{"line":73,"column":23},"end":{"line":73,"column":24}},"loc":{"start":{"line":73,"column":51},"end":{"line":89,"column":1}}},"12":{"name":"(anonymous_21)","decl":{"start":{"line":77,"column":14},"end":{"line":77,"column":27}},"loc":{"start":{"line":77,"column":30},"end":{"line":84,"column":9}}},"13":{"name":"(anonymous_22)","decl":{"start":{"line":84,"column":17},"end":{"line":84,"column":20}},"loc":{"start":{"line":84,"column":23},"end":{"line":86,"column":9}}},"14":{"name":"(anonymous_23)","decl":{"start":{"line":86,"column":19},"end":{"line":86,"column":22}},"loc":{"start":{"line":86,"column":24},"end":{"line":88,"column":9}}}},"branchMap":{"0":{"loc":{"start":{"line":28,"column":8},"end":{"line":32,"column":null}},"type":"if","locations":[{"start":{"line":28,"column":8},"end":{"line":32,"column":null}},{"start":{"line":28,"column":8},"end":{"line":32,"column":null}}]},"1":{"loc":{"start":{"line":65,"column":4},"end":{"line":68,"column":null}},"type":"if","locations":[{"start":{"line":65,"column":4},"end":{"line":68,"column":null}},{"start":{"line":65,"column":4},"end":{"line":68,"column":null}}]},"2":{"loc":{"start":{"line":78,"column":12},"end":{"line":83,"column":null}},"type":"if","locations":[{"start":{"line":78,"column":12},"end":{"line":83,"column":null}},{"start":{"line":78,"column":12},"end":{"line":83,"column":null}}]}},"s":{"0":1,"1":1,"2":1,"3":1,"4":2,"5":1,"6":1,"7":1,"8":1,"9":1,"10":1,"11":5,"12":5,"13":2,"14":1,"15":1,"16":2,"17":1,"18":1,"19":1,"20":1,"21":2,"22":1,"23":1,"24":1,"25":1,"26":1,"27":2,"28":2,"29":2,"30":2,"31":1,"32":1,"33":1,"34":1,"35":1,"36":1,"37":1,"38":1,"39":3,"40":3,"41":2,"42":1,"43":1,"44":1,"45":1,"46":3},"f":{"0":2,"1":1,"2":1,"3":5,"4":2,"5":1,"6":2,"7":1,"8":1,"9":2,"10":2,"11":3,"12":2,"13":1,"14":3},"b":{"0":[1,1],"1":[1,0],"2":[1,1]}}
,"C:\\Users\\Dragonite\\Documents\\batches\\com.revature\\p0_sample\\src\\services\\cards-service.ts": {"path":"C:\\Users\\Dragonite\\Documents\\batches\\com.revature\\p0_sample\\src\\services\\cards-service.ts","statementMap":{"0":{"start":{"line":4,"column":0},"end":{"line":4,"column":51}},"1":{"start":{"line":6,"column":0},"end":{"line":6,"column":46}},"2":{"start":{"line":10,"column":4},"end":{"line":10,"column":31}},"3":{"start":{"line":9,"column":0},"end":{"line":9,"column":16}},"4":{"start":{"line":15,"column":4},"end":{"line":15,"column":37}},"5":{"start":{"line":14,"column":0},"end":{"line":14,"column":16}},"6":{"start":{"line":20,"column":4},"end":{"line":20,"column":35}},"7":{"start":{"line":19,"column":0},"end":{"line":19,"column":16}},"8":{"start":{"line":26,"column":21},"end":{"line":32,"column":null}},"9":{"start":{"line":35,"column":4},"end":{"line":40,"column":null}},"10":{"start":{"line":36,"column":8},"end":{"line":36,"column":42}},"11":{"start":{"line":39,"column":8},"end":{"line":39,"column":61}},"12":{"start":{"line":39,"column":48},"end":{"line":39,"column":59}},"13":{"start":{"line":24,"column":0},"end":{"line":24,"column":16}},"14":{"start":{"line":47,"column":4},"end":{"line":47,"column":null}},"15":{"start":{"line":49,"column":17},"end":{"line":55,"column":null}},"16":{"start":{"line":58,"column":4},"end":{"line":61,"column":null}},"17":{"start":{"line":60,"column":8},"end":{"line":60,"column":31}},"18":{"start":{"line":63,"column":4},"end":{"line":63,"column":36}},"19":{"start":{"line":44,"column":0},"end":{"line":44,"column":16}}},"fnMap":{"0":{"name":"getCards","decl":{"start":{"line":9,"column":16},"end":{"line":9,"column":24}},"loc":{"start":{"line":9,"column":24},"end":{"line":11,"column":1}}},"1":{"name":"getCardsById","decl":{"start":{"line":14,"column":16},"end":{"line":14,"column":28}},"loc":{"start":{"line":14,"column":39},"end":{"line":16,"column":1}}},"2":{"name":"getCardOwner","decl":{"start":{"line":19,"column":16},"end":{"line":19,"column":28}},"loc":{"start":{"line":19,"column":28},"end":{"line":21,"column":1}}},"3":{"name":"addCard","decl":{"start":{"line":24,"column":16},"end":{"line":24,"column":23}},"loc":{"start":{"line":24,"column":33},"end":{"line":41,"column":1}}},"4":{"name":"(anonymous_5)","decl":{"start":{"line":39,"column":27},"end":{"line":39,"column":28}},"loc":{"start":{"line":39,"column":48},"end":{"line":39,"column":59}}},"5":{"name":"patchCard","decl":{"start":{"line":44,"column":16},"end":{"line":44,"column":25}},"loc":{"start":{"line":44,"column":36},"end":{"line":64,"column":1}}}},"branchMap":{"0":{"loc":{"start":{"line":35,"column":4},"end":{"line":40,"column":null}},"type":"if","locations":[{"start":{"line":35,"column":4},"end":{"line":40,"column":null}},{"start":{"line":35,"column":4},"end":{"line":40,"column":null}}]},"1":{"loc":{"start":{"line":35,"column":7},"end":{"line":35,"column":18}},"type":"binary-expr","locations":[{"start":{"line":35,"column":7},"end":{"line":35,"column":18}},{"start":{"line":35,"column":22},"end":{"line":35,"column":35}},{"start":{"line":35,"column":39},"end":{"line":35,"column":65}},{"start":{"line":35,"column":69},"end":{"line":35,"column":86}}]},"2":{"loc":{"start":{"line":58,"column":4},"end":{"line":61,"column":null}},"type":"if","locations":[{"start":{"line":58,"column":4},"end":{"line":61,"column":null}},{"start":{"line":58,"column":4},"end":{"line":61,"column":null}}]}},"s":{"0":2,"1":2,"2":0,"3":2,"4":0,"5":2,"6":1,"7":2,"8":1,"9":1,"10":0,"11":1,"12":1,"13":2,"14":2,"15":2,"16":2,"17":1,"18":1,"19":2},"f":{"0":0,"1":0,"2":1,"3":1,"4":1,"5":2},"b":{"0":[0,1],"1":[1,0,0,0],"2":[1,1]}}
,"C:\\Users\\Dragonite\\Documents\\batches\\com.revature\\p0_sample\\src\\services\\customer-services.ts": {"path":"C:\\Users\\Dragonite\\Documents\\batches\\com.revature\\p0_sample\\src\\services\\customer-services.ts","statementMap":{"0":{"start":{"line":4,"column":0},"end":{"line":4,"column":46}},"1":{"start":{"line":5,"column":0},"end":{"line":5,"column":52}},"2":{"start":{"line":9,"column":4},"end":{"line":9,"column":37}},"3":{"start":{"line":8,"column":0},"end":{"line":8,"column":16}},"4":{"start":{"line":14,"column":4},"end":{"line":14,"column":43}},"5":{"start":{"line":13,"column":0},"end":{"line":13,"column":16}},"6":{"start":{"line":20,"column":24},"end":{"line":27,"column":null}},"7":{"start":{"line":31,"column":4},"end":{"line":38,"column":null}},"8":{"start":{"line":34,"column":8},"end":{"line":34,"column":52}},"9":{"start":{"line":37,"column":8},"end":{"line":37,"column":61}},"10":{"start":{"line":37,"column":48},"end":{"line":37,"column":59}},"11":{"start":{"line":18,"column":0},"end":{"line":18,"column":16}},"12":{"start":{"line":44,"column":13},"end":{"line":51,"column":null}},"13":{"start":{"line":54,"column":0},"end":{"line":56,"column":null}},"14":{"start":{"line":55,"column":4},"end":{"line":55,"column":28}},"15":{"start":{"line":58,"column":0},"end":{"line":58,"column":39}},"16":{"start":{"line":42,"column":0},"end":{"line":42,"column":16}}},"fnMap":{"0":{"name":"getCustomer","decl":{"start":{"line":8,"column":16},"end":{"line":8,"column":27}},"loc":{"start":{"line":8,"column":27},"end":{"line":10,"column":1}}},"1":{"name":"getCustomerById","decl":{"start":{"line":13,"column":16},"end":{"line":13,"column":31}},"loc":{"start":{"line":13,"column":42},"end":{"line":15,"column":1}}},"2":{"name":"addCustomer","decl":{"start":{"line":18,"column":16},"end":{"line":18,"column":27}},"loc":{"start":{"line":18,"column":37},"end":{"line":39,"column":1}}},"3":{"name":"(anonymous_4)","decl":{"start":{"line":37,"column":27},"end":{"line":37,"column":28}},"loc":{"start":{"line":37,"column":48},"end":{"line":37,"column":59}}},"4":{"name":"patchCustomer","decl":{"start":{"line":42,"column":16},"end":{"line":42,"column":29}},"loc":{"start":{"line":42,"column":40},"end":{"line":59,"column":1}}}},"branchMap":{"0":{"loc":{"start":{"line":31,"column":4},"end":{"line":38,"column":null}},"type":"if","locations":[{"start":{"line":31,"column":4},"end":{"line":38,"column":null}},{"start":{"line":31,"column":4},"end":{"line":38,"column":null}}]},"1":{"loc":{"start":{"line":31,"column":9},"end":{"line":31,"column":23}},"type":"binary-expr","locations":[{"start":{"line":31,"column":9},"end":{"line":31,"column":23}},{"start":{"line":31,"column":27},"end":{"line":31,"column":40}},{"start":{"line":31,"column":44},"end":{"line":31,"column":56}},{"start":{"line":32,"column":9},"end":{"line":32,"column":18}},{"start":{"line":32,"column":22},"end":{"line":32,"column":32}},{"start":{"line":32,"column":36},"end":{"line":32,"column":44}}]},"2":{"loc":{"start":{"line":54,"column":0},"end":{"line":56,"column":null}},"type":"if","locations":[{"start":{"line":54,"column":0},"end":{"line":56,"column":null}},{"start":{"line":54,"column":0},"end":{"line":56,"column":null}}]}},"s":{"0":2,"1":2,"2":0,"3":2,"4":0,"5":2,"6":1,"7":1,"8":0,"9":1,"10":1,"11":2,"12":2,"13":2,"14":1,"15":1,"16":2},"f":{"0":0,"1":0,"2":1,"3":1,"4":2},"b":{"0":[0,1],"1":[1,1,0,0,0,0],"2":[1,1]}}
,"C:\\Users\\Dragonite\\Documents\\batches\\com.revature\\p0_sample\\src\\services\\orders-service.ts": {"path":"C:\\Users\\Dragonite\\Documents\\batches\\com.revature\\p0_sample\\src\\services\\orders-service.ts","statementMap":{"0":{"start":{"line":6,"column":1},"end":{"line":6,"column":52}},"1":{"start":{"line":7,"column":0},"end":{"line":7,"column":48}},"2":{"start":{"line":11,"column":4},"end":{"line":11,"column":32}},"3":{"start":{"line":10,"column":0},"end":{"line":10,"column":16}},"4":{"start":{"line":16,"column":4},"end":{"line":16,"column":38}},"5":{"start":{"line":15,"column":0},"end":{"line":15,"column":16}},"6":{"start":{"line":21,"column":4},"end":{"line":21,"column":36}},"7":{"start":{"line":20,"column":0},"end":{"line":20,"column":16}},"8":{"start":{"line":27,"column":23},"end":{"line":36,"column":null}},"9":{"start":{"line":40,"column":4},"end":{"line":47,"column":null}},"10":{"start":{"line":43,"column":8},"end":{"line":43,"column":47}},"11":{"start":{"line":46,"column":8},"end":{"line":46,"column":61}},"12":{"start":{"line":46,"column":48},"end":{"line":46,"column":59}},"13":{"start":{"line":25,"column":0},"end":{"line":25,"column":16}},"14":{"start":{"line":53,"column":15},"end":{"line":53,"column":23}},"15":{"start":{"line":54,"column":19},"end":{"line":57,"column":null}},"16":{"start":{"line":60,"column":4},"end":{"line":62,"column":null}},"17":{"start":{"line":61,"column":8},"end":{"line":61,"column":31}},"18":{"start":{"line":64,"column":4},"end":{"line":64,"column":44}},"19":{"start":{"line":52,"column":0},"end":{"line":52,"column":16}}},"fnMap":{"0":{"name":"getOrder","decl":{"start":{"line":10,"column":16},"end":{"line":10,"column":24}},"loc":{"start":{"line":10,"column":24},"end":{"line":12,"column":1}}},"1":{"name":"getOrderById","decl":{"start":{"line":15,"column":16},"end":{"line":15,"column":28}},"loc":{"start":{"line":15,"column":39},"end":{"line":17,"column":1}}},"2":{"name":"getUnordered","decl":{"start":{"line":20,"column":16},"end":{"line":20,"column":28}},"loc":{"start":{"line":20,"column":28},"end":{"line":22,"column":1}}},"3":{"name":"addSystem","decl":{"start":{"line":25,"column":16},"end":{"line":25,"column":25}},"loc":{"start":{"line":25,"column":37},"end":{"line":49,"column":1}}},"4":{"name":"(anonymous_5)","decl":{"start":{"line":46,"column":27},"end":{"line":46,"column":28}},"loc":{"start":{"line":46,"column":48},"end":{"line":46,"column":59}}},"5":{"name":"patchSystem","decl":{"start":{"line":52,"column":16},"end":{"line":52,"column":27}},"loc":{"start":{"line":52,"column":38},"end":{"line":65,"column":1}}}},"branchMap":{"0":{"loc":{"start":{"line":40,"column":4},"end":{"line":47,"column":null}},"type":"if","locations":[{"start":{"line":40,"column":4},"end":{"line":47,"column":null}},{"start":{"line":40,"column":4},"end":{"line":47,"column":null}}]},"1":{"loc":{"start":{"line":40,"column":9},"end":{"line":40,"column":27}},"type":"binary-expr","locations":[{"start":{"line":40,"column":9},"end":{"line":40,"column":27}},{"start":{"line":40,"column":31},"end":{"line":40,"column":48}},{"start":{"line":40,"column":52},"end":{"line":40,"column":68}},{"start":{"line":41,"column":8},"end":{"line":41,"column":18}},{"start":{"line":41,"column":22},"end":{"line":41,"column":37}},{"start":{"line":41,"column":41},"end":{"line":41,"column":55}},{"start":{"line":42,"column":8},"end":{"line":42,"column":27}},{"start":{"line":42,"column":31},"end":{"line":42,"column":48}},{"start":{"line":42,"column":52},"end":{"line":42,"column":64}}]},"2":{"loc":{"start":{"line":60,"column":4},"end":{"line":62,"column":null}},"type":"if","locations":[{"start":{"line":60,"column":4},"end":{"line":62,"column":null}},{"start":{"line":60,"column":4},"end":{"line":62,"column":null}}]}},"s":{"0":2,"1":2,"2":0,"3":2,"4":0,"5":2,"6":0,"7":2,"8":1,"9":1,"10":0,"11":1,"12":1,"13":2,"14":2,"15":2,"16":2,"17":1,"18":1,"19":2},"f":{"0":0,"1":0,"2":0,"3":1,"4":1,"5":2},"b":{"0":[0,1],"1":[1,1,1,0,0,0,0,0,0],"2":[1,1]}}
}
