TN:
SF:src\daos\customer-dao.ts
FN:4,getCustomer
FN:7,(anonymous_8)
FN:13,(anonymous_9)
FN:18,getCustomerById
FN:23,(anonymous_11)
FN:23,(anonymous_12)
FN:26,addCustomer
FN:51,(anonymous_15)
FN:51,(anonymous_16)
FN:55,patchCustomer
FN:78,(anonymous_19)
FN:78,(anonymous_20)
FNF:12
FNH:0
FNDA:0,getCustomer
FNDA:0,(anonymous_8)
FNDA:0,(anonymous_9)
FNDA:0,getCustomerById
FNDA:0,(anonymous_11)
FNDA:0,(anonymous_12)
FNDA:0,addCustomer
FNDA:0,(anonymous_15)
FNDA:0,(anonymous_16)
FNDA:0,patchCustomer
FNDA:0,(anonymous_19)
FNDA:0,(anonymous_20)
DA:1,1
DA:2,1
DA:4,1
DA:5,0
DA:7,0
DA:9,0
DA:13,0
DA:14,0
DA:18,1
DA:20,0
DA:22,0
DA:23,0
DA:26,1
DA:27,0
DA:29,0
DA:36,0
DA:37,0
DA:39,0
DA:47,0
DA:48,0
DA:50,0
DA:51,0
DA:55,1
DA:56,0
DA:59,0
DA:66,0
DA:68,0
DA:75,0
DA:77,0
DA:78,0
LF:30
LH:6
BRF:0
BRH:0
end_of_record
TN:
SF:src\daos\db.ts
FNF:0
FNH:0
DA:14,1
DA:16,1
LF:2
LH:2
BRF:0
BRH:0
end_of_record
TN:
SF:src\models\customer.ts
FN:17,(anonymous_0)
FN:10,(anonymous_1)
FNF:2
FNH:0
FNDA:0,(anonymous_0)
FNDA:0,(anonymous_1)
DA:1,1
DA:11,0
DA:14,0
DA:19,0
DA:20,0
DA:21,0
DA:22,0
DA:23,0
DA:24,0
DA:25,0
LF:10
LH:1
BRF:0
BRH:0
end_of_record
TN:
SF:src\routers\customer-router.ts
FN:7,(anonymous_9)
FN:8,(anonymous_10)
FN:11,(anonymous_11)
FN:17,(anonymous_12)
FN:19,(anonymous_13)
FN:26,(anonymous_14)
FN:33,(anonymous_15)
FN:33,(anonymous_16)
FN:53,(anonymous_17)
FN:53,(anonymous_18)
FNF:10
FNH:10
FNDA:2,(anonymous_9)
FNDA:1,(anonymous_10)
FNDA:1,(anonymous_11)
FNDA:3,(anonymous_12)
FNDA:2,(anonymous_13)
FNDA:1,(anonymous_14)
FNDA:2,(anonymous_15)
FNDA:2,(anonymous_16)
FNDA:3,(anonymous_17)
FNDA:3,(anonymous_18)
DA:1,1
DA:2,1
DA:5,1
DA:7,1
DA:8,2
DA:9,1
DA:10,1
DA:12,1
DA:13,1
DA:17,1
DA:18,3
DA:19,3
DA:20,2
DA:21,1
DA:23,1
DA:25,2
DA:27,1
DA:28,1
DA:29,1
DA:33,2
DA:34,2
DA:37,2
DA:38,2
DA:39,2
DA:41,1
DA:42,1
DA:43,1
DA:46,1
DA:47,1
DA:48,1
DA:50,1
DA:53,3
DA:54,3
DA:57,3
DA:58,3
DA:60,1
DA:61,1
DA:64,2
DA:65,1
DA:67,1
DA:68,1
DA:70,2
LF:42
LH:42
BRDA:20,0,0,1
BRDA:20,0,1,1
BRDA:46,1,0,1
BRDA:46,1,1,0
BRDA:64,2,0,1
BRDA:64,2,1,1
BRF:6
BRH:5
end_of_record
TN:
SF:src\services\customer-services.ts
FN:4,getCustomer
FN:8,getCustomerById
FN:12,addCustomer
FN:28,(anonymous_4)
FN:32,patchCustomer
FNF:5
FNH:0
FNDA:0,getCustomer
FNDA:0,getCustomerById
FNDA:0,addCustomer
FNDA:0,(anonymous_4)
FNDA:0,patchCustomer
DA:1,1
DA:2,1
DA:4,1
DA:5,0
DA:8,1
DA:9,0
DA:12,1
DA:13,0
DA:23,0
DA:26,0
DA:28,0
DA:32,1
DA:34,0
DA:44,0
DA:45,0
DA:48,0
LF:16
LH:6
BRDA:23,0,0,0
BRDA:23,0,1,0
BRDA:23,1,0,0
BRDA:23,1,1,0
BRDA:23,1,2,0
BRDA:23,1,3,0
BRDA:23,1,4,0
BRDA:23,1,5,0
BRDA:44,2,0,0
BRDA:44,2,1,0
BRF:10
BRH:0
end_of_record
