TN:
SF:src\daos\db.ts
FNF:0
FNH:0
DA:14,6
DA:16,6
LF:2
LH:2
BRF:0
BRH:0
end_of_record
TN:
SF:src\models\card-owner.ts
FN:18,(anonymous_0)
FN:11,(anonymous_1)
FNF:2
FNH:0
FNDA:0,(anonymous_0)
FNDA:0,(anonymous_1)
DA:1,2
DA:12,0
DA:15,0
DA:20,0
DA:21,0
DA:22,0
DA:23,0
DA:24,0
DA:25,0
DA:26,0
DA:27,0
LF:11
LH:1
BRF:0
BRH:0
end_of_record
TN:
SF:src\models\cards.ts
FN:16,(anonymous_0)
FN:9,(anonymous_1)
FNF:2
FNH:1
FNDA:3,(anonymous_0)
FNDA:0,(anonymous_1)
DA:1,3
DA:10,0
DA:13,0
DA:18,3
DA:19,3
DA:20,3
DA:21,3
DA:22,3
DA:23,3
LF:9
LH:7
BRF:0
BRH:0
end_of_record
TN:
SF:src\models\customer.ts
FN:17,(anonymous_0)
FN:10,(anonymous_1)
FNF:2
FNH:1
FNDA:3,(anonymous_0)
FNDA:0,(anonymous_1)
DA:1,3
DA:11,0
DA:14,0
DA:19,3
DA:20,3
DA:21,3
DA:22,3
DA:23,3
DA:24,3
DA:25,3
LF:10
LH:8
BRF:0
BRH:0
end_of_record
TN:
SF:src\models\orders.ts
FN:24,(anonymous_0)
FN:16,(anonymous_1)
FN:79,(anonymous_2)
FN:72,(anonymous_3)
FNF:4
FNH:1
FNDA:0,(anonymous_0)
FNDA:0,(anonymous_1)
FNDA:3,(anonymous_2)
FNDA:0,(anonymous_3)
DA:1,3
DA:17,0
DA:21,0
DA:26,0
DA:27,0
DA:28,0
DA:29,0
DA:30,0
DA:31,0
DA:32,0
DA:33,0
DA:34,0
DA:35,0
DA:36,0
DA:37,0
DA:38,0
DA:60,3
DA:73,0
DA:76,0
DA:81,3
DA:82,3
DA:83,3
DA:84,3
DA:85,3
DA:86,3
DA:87,3
DA:88,3
DA:89,3
LF:28
LH:11
BRF:0
BRH:0
end_of_record
TN:
SF:src\routers\cards-router.ts
FN:12,(anonymous_2)
FN:13,(anonymous_3)
FN:16,(anonymous_4)
FN:23,(anonymous_5)
FN:24,(anonymous_6)
FN:27,(anonymous_7)
FN:34,(anonymous_8)
FN:36,(anonymous_9)
FN:43,(anonymous_10)
FN:51,(anonymous_11)
FN:54,(anonymous_12)
FN:58,(anonymous_13)
FN:66,(anonymous_14)
FN:69,(anonymous_15)
FN:76,(anonymous_16)
FN:79,(anonymous_17)
FNF:16
FNH:16
FNDA:2,(anonymous_2)
FNDA:1,(anonymous_3)
FNDA:1,(anonymous_4)
FNDA:2,(anonymous_5)
FNDA:1,(anonymous_6)
FNDA:1,(anonymous_7)
FNDA:4,(anonymous_8)
FNDA:2,(anonymous_9)
FNDA:1,(anonymous_10)
FNDA:2,(anonymous_11)
FNDA:1,(anonymous_12)
FNDA:1,(anonymous_13)
FNDA:3,(anonymous_14)
FNDA:2,(anonymous_15)
FNDA:1,(anonymous_16)
FNDA:3,(anonymous_17)
DA:5,1
DA:6,1
DA:9,1
DA:12,1
DA:13,2
DA:14,1
DA:15,1
DA:17,1
DA:18,1
DA:23,1
DA:24,2
DA:25,1
DA:26,1
DA:28,1
DA:29,1
DA:34,1
DA:35,4
DA:36,4
DA:37,2
DA:38,1
DA:40,1
DA:42,2
DA:44,1
DA:45,1
DA:46,1
DA:51,1
DA:52,2
DA:53,2
DA:55,1
DA:56,1
DA:57,1
DA:59,1
DA:60,1
DA:61,1
DA:66,1
DA:67,3
DA:68,3
DA:70,2
DA:71,1
DA:72,1
DA:74,1
DA:77,1
DA:78,1
DA:80,3
LF:44
LH:44
BRDA:37,0,0,1
BRDA:37,0,1,1
BRDA:70,1,0,1
BRDA:70,1,1,1
BRF:4
BRH:4
end_of_record
TN:
SF:src\routers\customer-router.ts
FN:12,(anonymous_9)
FN:13,(anonymous_10)
FN:16,(anonymous_11)
FN:23,(anonymous_12)
FN:25,(anonymous_13)
FN:32,(anonymous_14)
FN:40,(anonymous_15)
FN:40,(anonymous_16)
FN:61,(anonymous_17)
FN:61,(anonymous_18)
FNF:10
FNH:10
FNDA:2,(anonymous_9)
FNDA:1,(anonymous_10)
FNDA:1,(anonymous_11)
FNDA:3,(anonymous_12)
FNDA:2,(anonymous_13)
FNDA:1,(anonymous_14)
FNDA:2,(anonymous_15)
FNDA:2,(anonymous_16)
FNDA:3,(anonymous_17)
FNDA:3,(anonymous_18)
DA:5,1
DA:6,1
DA:9,1
DA:12,1
DA:13,2
DA:14,1
DA:15,1
DA:17,1
DA:18,1
DA:23,1
DA:24,3
DA:25,3
DA:26,2
DA:27,1
DA:29,1
DA:31,2
DA:33,1
DA:34,1
DA:35,1
DA:40,2
DA:41,2
DA:44,2
DA:45,2
DA:46,2
DA:48,1
DA:49,1
DA:50,1
DA:53,1
DA:54,1
DA:55,1
DA:57,1
DA:61,3
DA:62,3
DA:65,3
DA:66,3
DA:68,1
DA:69,1
DA:72,2
DA:73,1
DA:75,1
DA:76,1
DA:78,2
LF:42
LH:42
BRDA:26,0,0,1
BRDA:26,0,1,1
BRDA:53,1,0,1
BRDA:53,1,1,0
BRDA:72,2,0,1
BRDA:72,2,1,1
BRF:6
BRH:5
end_of_record
TN:
SF:src\routers\orders-router.ts
FN:13,(anonymous_9)
FN:14,(anonymous_10)
FN:17,(anonymous_11)
FN:25,(anonymous_12)
FN:27,(anonymous_13)
FN:34,(anonymous_14)
FN:42,(anonymous_15)
FN:43,(anonymous_16)
FN:46,(anonymous_17)
FN:53,(anonymous_18)
FN:53,(anonymous_19)
FN:73,(anonymous_20)
FN:77,(anonymous_21)
FN:84,(anonymous_22)
FN:86,(anonymous_23)
FNF:15
FNH:15
FNDA:2,(anonymous_9)
FNDA:1,(anonymous_10)
FNDA:1,(anonymous_11)
FNDA:5,(anonymous_12)
FNDA:2,(anonymous_13)
FNDA:1,(anonymous_14)
FNDA:2,(anonymous_15)
FNDA:1,(anonymous_16)
FNDA:1,(anonymous_17)
FNDA:2,(anonymous_18)
FNDA:2,(anonymous_19)
FNDA:3,(anonymous_20)
FNDA:2,(anonymous_21)
FNDA:1,(anonymous_22)
FNDA:3,(anonymous_23)
DA:6,1
DA:7,1
DA:10,1
DA:13,1
DA:14,2
DA:15,1
DA:16,1
DA:18,1
DA:19,1
DA:20,1
DA:25,1
DA:26,5
DA:27,5
DA:28,2
DA:29,1
DA:31,1
DA:33,2
DA:35,1
DA:36,1
DA:37,1
DA:42,1
DA:43,2
DA:44,1
DA:45,1
DA:47,1
DA:48,1
DA:53,2
DA:54,2
DA:57,2
DA:58,2
DA:60,1
DA:61,1
DA:62,1
DA:65,1
DA:66,1
DA:67,1
DA:69,1
DA:73,1
DA:74,3
DA:76,3
DA:78,2
DA:79,1
DA:80,1
DA:82,1
DA:85,1
DA:87,3
LF:46
LH:46
BRDA:28,0,0,1
BRDA:28,0,1,1
BRDA:65,1,0,1
BRDA:65,1,1,0
BRDA:78,2,0,1
BRDA:78,2,1,1
BRF:6
BRH:5
end_of_record
TN:
SF:src\services\cards-service.ts
FN:9,getCards
FN:14,getCardsById
FN:19,getCardOwner
FN:24,addCard
FN:39,(anonymous_5)
FN:44,patchCard
FNF:6
FNH:4
FNDA:0,getCards
FNDA:0,getCardsById
FNDA:1,getCardOwner
FNDA:1,addCard
FNDA:1,(anonymous_5)
FNDA:2,patchCard
DA:4,2
DA:6,2
DA:9,2
DA:10,0
DA:14,2
DA:15,0
DA:19,2
DA:20,1
DA:24,2
DA:26,1
DA:35,1
DA:36,0
DA:39,1
DA:44,2
DA:47,2
DA:49,2
DA:58,2
DA:60,1
DA:63,1
LF:19
LH:16
BRDA:35,0,0,0
BRDA:35,0,1,1
BRDA:35,1,0,1
BRDA:35,1,1,0
BRDA:35,1,2,0
BRDA:35,1,3,0
BRDA:58,2,0,1
BRDA:58,2,1,1
BRF:8
BRH:4
end_of_record
TN:
SF:src\services\customer-services.ts
FN:8,getCustomer
FN:13,getCustomerById
FN:18,addCustomer
FN:37,(anonymous_4)
FN:42,patchCustomer
FNF:5
FNH:3
FNDA:0,getCustomer
FNDA:0,getCustomerById
FNDA:1,addCustomer
FNDA:1,(anonymous_4)
FNDA:2,patchCustomer
DA:4,2
DA:5,2
DA:8,2
DA:9,0
DA:13,2
DA:14,0
DA:18,2
DA:20,1
DA:31,1
DA:34,0
DA:37,1
DA:42,2
DA:44,2
DA:54,2
DA:55,1
DA:58,1
LF:16
LH:13
BRDA:31,0,0,0
BRDA:31,0,1,1
BRDA:31,1,0,1
BRDA:31,1,1,1
BRDA:31,1,2,0
BRDA:31,1,3,0
BRDA:31,1,4,0
BRDA:31,1,5,0
BRDA:54,2,0,1
BRDA:54,2,1,1
BRF:10
BRH:5
end_of_record
TN:
SF:src\services\orders-service.ts
FN:10,getOrder
FN:15,getOrderById
FN:20,getUnordered
FN:25,addSystem
FN:46,(anonymous_5)
FN:52,patchSystem
FNF:6
FNH:3
FNDA:0,getOrder
FNDA:0,getOrderById
FNDA:0,getUnordered
FNDA:1,addSystem
FNDA:1,(anonymous_5)
FNDA:2,patchSystem
DA:6,2
DA:7,2
DA:10,2
DA:11,0
DA:15,2
DA:16,0
DA:20,2
DA:21,0
DA:25,2
DA:27,1
DA:40,1
DA:43,0
DA:46,1
DA:52,2
DA:53,2
DA:54,2
DA:60,2
DA:61,1
DA:64,1
LF:19
LH:15
BRDA:40,0,0,0
BRDA:40,0,1,1
BRDA:40,1,0,1
BRDA:40,1,1,1
BRDA:40,1,2,1
BRDA:40,1,3,0
BRDA:40,1,4,0
BRDA:40,1,5,0
BRDA:40,1,6,0
BRDA:40,1,7,0
BRDA:40,1,8,0
BRDA:60,2,0,1
BRDA:60,2,1,1
BRF:13
BRH:6
end_of_record
